<?xml version="1.0" encoding="UTF-8"?>
<!-- Generated by org.testng.reporters.JUnitReportReporter -->
<testsuite skipped="0" hostname="DESKTOP-SSU3LF0" name="com.DummyPackage.Demo" tests="2" failures="0" timestamp="12 Jun 2018 06:09:24 GMT" time="0.033" errors="0">
  <testcase name="test1" time="0.007" classname="com.DummyPackage.Demo"/>
  <testcase name="test" time="0.026" classname="com.DummyPackage.Demo"/>
</testsuite> <!-- com.DummyPackage.Demo -->
